# JRE version: Java(TM) SE Runtime Environment (21.0.7+8) (build 21.0.7+8-LTS-245)
# Java VM: Java HotSpot(TM) 64-Bit Server VM (21.0.7+8-LTS-245, mixed mode, sharing, tiered, compressed oops, compressed class ptrs, g1 gc, windows-amd64)
GC Precious Log:
 CardTable entry size: 512
 Card Set container configuration: InlinePtr #cards 4 size 8 Array Of Cards #cards 16 size 48 Howl #buckets 8 coarsen threshold 3686 Howl Bitmap #cards 512 size 80 coarsen threshold 460 Card regions per heap region 1 cards per card region 4096
 CPUs: 8 total, 8 available
 Memory: 12152M
 Large Page Support: Disabled
 NUMA Support: Disabled
 Compressed Oops: Enabled (Zero based)
 Heap Region Size: 2M
 Heap Min Capacity: 8M
 Heap Initial Capacity: 190M
 Heap Max Capacity: 3040M
 Pre-touch: Disabled
 Parallel Workers: 8
 Concurrent Workers: 2
 Concurrent Refinement Workers: 8
 Periodic GC: Disabled
Heap:
 garbage-first heap   total 55296K, used 35374K [0x0000000742000000, 0x0000000800000000)
  region size 2048K, 6 young (12288K), 2 survivors (4096K)
 Metaspace       used 65258K, committed 66048K, reserved 1114112K
  class space    used 8596K, committed 8960K, reserved 1048576K
GC Heap History (20 events):
Event: 3.461 GC heap before
{Heap before GC invocations=5 (full 0):
 garbage-first heap   total 55296K, used 37237K [0x0000000742000000, 0x0000000800000000)
  region size 2048K, 13 young (26624K), 2 survivors (4096K)
 Metaspace       used 27441K, committed 27904K, reserved 1114112K
  class space    used 3349K, committed 3520K, reserved 1048576K
}
Event: 3.470 GC heap after
{Heap after GC invocations=6 (full 0):
 garbage-first heap   total 55296K, used 16830K [0x0000000742000000, 0x0000000800000000)
  region size 2048K, 2 young (4096K), 2 survivors (4096K)
 Metaspace       used 27441K, committed 27904K, reserved 1114112K
  class space    used 3349K, committed 3520K, reserved 1048576K
}
Event: 4.028 GC heap before
{Heap before GC invocations=6 (full 0):
 garbage-first heap   total 55296K, used 41406K [0x0000000742000000, 0x0000000800000000)
  region size 2048K, 14 young (28672K), 2 survivors (4096K)
 Metaspace       used 32310K, committed 32832K, reserved 1114112K
  class space    used 3941K, committed 4160K, reserved 1048576K
}
Event: 4.033 GC heap after
{Heap after GC invocations=7 (full 0):
 garbage-first heap   total 55296K, used 19453K [0x0000000742000000, 0x0000000800000000)
  region size 2048K, 2 young (4096K), 2 survivors (4096K)
 Metaspace       used 32310K, committed 32832K, reserved 1114112K
  class space    used 3941K, committed 4160K, reserved 1048576K
}
Event: 4.524 GC heap before
{Heap before GC invocations=7 (full 0):
 garbage-first heap   total 55296K, used 37885K [0x0000000742000000, 0x0000000800000000)
  region size 2048K, 12 young (24576K), 2 survivors (4096K)
 Metaspace       used 35400K, committed 35968K, reserved 1114112K
  class space    used 4300K, committed 4608K, reserved 1048576K
}
Event: 4.529 GC heap after
{Heap after GC invocations=8 (full 0):
 garbage-first heap   total 55296K, used 21685K [0x0000000742000000, 0x0000000800000000)
  region size 2048K, 1 young (2048K), 1 survivors (2048K)
 Metaspace       used 35400K, committed 35968K, reserved 1114112K
  class space    used 4300K, committed 4608K, reserved 1048576K
}
Event: 5.051 GC heap before
{Heap before GC invocations=9 (full 0):
 garbage-first heap   total 55296K, used 44213K [0x0000000742000000, 0x0000000800000000)
  region size 2048K, 12 young (24576K), 1 survivors (2048K)
 Metaspace       used 41608K, committed 42240K, reserved 1114112K
  class space    used 5248K, committed 5568K, reserved 1048576K
}
Event: 5.054 GC heap after
{Heap after GC invocations=10 (full 0):
 garbage-first heap   total 55296K, used 22742K [0x0000000742000000, 0x0000000800000000)
  region size 2048K, 2 young (4096K), 2 survivors (4096K)
 Metaspace       used 41608K, committed 42240K, reserved 1114112K
  class space    used 5248K, committed 5568K, reserved 1048576K
}
Event: 5.706 GC heap before
{Heap before GC invocations=10 (full 0):
 garbage-first heap   total 55296K, used 45270K [0x0000000742000000, 0x0000000800000000)
  region size 2048K, 13 young (26624K), 2 survivors (4096K)
 Metaspace       used 48370K, committed 48960K, reserved 1114112K
  class space    used 6139K, committed 6400K, reserved 1048576K
}
Event: 5.711 GC heap after
{Heap after GC invocations=11 (full 0):
 garbage-first heap   total 55296K, used 24054K [0x0000000742000000, 0x0000000800000000)
  region size 2048K, 2 young (4096K), 2 survivors (4096K)
 Metaspace       used 48370K, committed 48960K, reserved 1114112K
  class space    used 6139K, committed 6400K, reserved 1048576K
}
Event: 6.191 GC heap before
{Heap before GC invocations=11 (full 0):
 garbage-first heap   total 55296K, used 42486K [0x0000000742000000, 0x0000000800000000)
  region size 2048K, 12 young (24576K), 2 survivors (4096K)
 Metaspace       used 54755K, committed 55360K, reserved 1114112K
  class space    used 7023K, committed 7296K, reserved 1048576K
}
Event: 6.195 GC heap after
{Heap after GC invocations=12 (full 0):
 garbage-first heap   total 55296K, used 25297K [0x0000000742000000, 0x0000000800000000)
  region size 2048K, 2 young (4096K), 2 survivors (4096K)
 Metaspace       used 54755K, committed 55360K, reserved 1114112K
  class space    used 7023K, committed 7296K, reserved 1048576K
}
Event: 6.594 GC heap before
{Heap before GC invocations=12 (full 0):
 garbage-first heap   total 55296K, used 45777K [0x0000000742000000, 0x0000000800000000)
  region size 2048K, 12 young (24576K), 2 survivors (4096K)
 Metaspace       used 59423K, committed 60096K, reserved 1114112K
  class space    used 7778K, committed 8064K, reserved 1048576K
}
Event: 6.597 GC heap after
{Heap after GC invocations=13 (full 0):
 garbage-first heap   total 55296K, used 26322K [0x0000000742000000, 0x0000000800000000)
  region size 2048K, 2 young (4096K), 2 survivors (4096K)
 Metaspace       used 59423K, committed 60096K, reserved 1114112K
  class space    used 7778K, committed 8064K, reserved 1048576K
}
Event: 6.612 GC heap before
{Heap before GC invocations=13 (full 0):
 garbage-first heap   total 55296K, used 26322K [0x0000000742000000, 0x0000000800000000)
  region size 2048K, 3 young (6144K), 2 survivors (4096K)
 Metaspace       used 59536K, committed 60160K, reserved 1114112K
  class space    used 7797K, committed 8064K, reserved 1048576K
}
Event: 6.615 GC heap after
{Heap after GC invocations=14 (full 0):
 garbage-first heap   total 55296K, used 26221K [0x0000000742000000, 0x0000000800000000)
  region size 2048K, 2 young (4096K), 2 survivors (4096K)
 Metaspace       used 59536K, committed 60160K, reserved 1114112K
  class space    used 7797K, committed 8064K, reserved 1048576K
}
Event: 7.472 GC heap before
{Heap before GC invocations=15 (full 0):
 garbage-first heap   total 55296K, used 44653K [0x0000000742000000, 0x0000000800000000)
  region size 2048K, 11 young (22528K), 2 survivors (4096K)
 Metaspace       used 62520K, committed 63232K, reserved 1114112K
  class space    used 8269K, committed 8576K, reserved 1048576K
}
Event: 7.476 GC heap after
{Heap after GC invocations=16 (full 0):
 garbage-first heap   total 55296K, used 28147K [0x0000000742000000, 0x0000000800000000)
  region size 2048K, 2 young (4096K), 2 survivors (4096K)
 Metaspace       used 62520K, committed 63232K, reserved 1114112K
  class space    used 8269K, committed 8576K, reserved 1048576K
}
Event: 88.955 GC heap before
{Heap before GC invocations=16 (full 0):
 garbage-first heap   total 55296K, used 46579K [0x0000000742000000, 0x0000000800000000)
  region size 2048K, 11 young (22528K), 2 survivors (4096K)
 Metaspace       used 65154K, committed 65920K, reserved 1114112K
  class space    used 8596K, committed 8960K, reserved 1048576K
}
Event: 88.962 GC heap after
{Heap after GC invocations=17 (full 0):
 garbage-first heap   total 55296K, used 29230K [0x0000000742000000, 0x0000000800000000)
  region size 2048K, 2 young (4096K), 2 survivors (4096K)
 Metaspace       used 65154K, committed 65920K, reserved 1114112K
  class space    used 8596K, committed 8960K, reserved 1048576K
}

